00:00:00.000174 main     VirtualBox XPCOM Server 6.1.10 r138449 linux.amd64 (Jul  3 2020 20:47:24) release log
00:00:00.000176 main     Log opened 2020-09-06T01:50:50.282370000Z
00:00:00.000176 main     Build Type: release
00:00:00.000178 main     OS Product: Linux
00:00:00.000179 main     OS Release: 5.8.7_1
00:00:00.000180 main     OS Version: #1 SMP Sat Sep 5 20:37:57 UTC 2020
00:00:00.000196 main     DMI Product Name: Alienware 14
00:00:00.000202 main     DMI Product Version: A08
00:00:00.000206 main     Firmware type: UEFI
00:00:00.000211 main     Secure Boot: Disabled
00:00:00.000236 main     Host RAM: 15936MB (15.5GB) total, 15129MB (14.7GB) available
00:00:00.000238 main     Executable: /usr/lib/virtualbox/VBoxSVC
00:00:00.000238 main     Process ID: 24090
00:00:00.000239 main     Package type: LINUX_64BITS_GENERIC (OSE)
00:00:00.002933 main     IPC socket path: /tmp/.vbox-inky-ipc/ipcd
00:00:00.106577 nspr-2   VirtualBox: object creation starts
00:00:00.106733 nspr-2   Home directory: '/home/inky/.config/VirtualBox'
00:00:00.107140 nspr-2   Loading settings file "/home/inky/.config/VirtualBox/VirtualBox.xml" with version "1.12-linux"
00:00:00.113944 nspr-2   NetIfAdpCtlOut: VBoxNetAdpCtl: Error while retrieving link speed for wlp10s0: VBoxNetAdpCtl: ioctl failed: Operation not supported
00:00:00.114252 nspr-2   HostDnsMonitor: initializing
00:00:00.115688 nspr-2   NAT: resolv.conf: nameserver 192.168.0.1
00:00:00.115965 nspr-2   HostDnsMonitor: updating information
00:00:00.115985 nspr-2   HostDnsMonitor: old information
00:00:00.115990 nspr-2     no server entries
00:00:00.115994 nspr-2     no domain set
00:00:00.115998 nspr-2     no search string entries
00:00:00.116002 nspr-2   HostDnsMonitor: new information
00:00:00.116005 nspr-2     server 1: 192.168.0.1
00:00:00.116010 nspr-2     domain: SBR-AC1750
00:00:00.116014 nspr-2     no search string entries
00:00:00.116792 nspr-2   HostPowerServiceLinux: DBus connection Error (Failed to connect to socket /run/dbus/system_bus_socket: No such file or directory)
00:00:00.116827 nspr-2   Failed to open "/dev/vboxdrvu", errno=2, rc=VERR_VM_DRIVER_NOT_INSTALLED
00:00:00.117010 nspr-2   VD: VDInit finished with VINF_SUCCESS
00:00:00.117089 nspr-2   ERROR [COM]: aRC=NS_ERROR_FAILURE (0x80004005) aIID={027bc463-929c-40e8-bf16-fea557cd8e7e} aComponent={SystemPropertiesWrap} aText={Cannot determine default Guest Additions ISO location. Most likely they are not available}, preserve=false aResultDetail=0
00:00:00.119631 nspr-2   Loading settings file "/home/inky/VirtualBox VMs/win10-2/win10-2.vbox" with version "1.15-linux"
00:00:00.120044 nspr-2   VirtualBox: object created
00:00:04.127396 nspr-4   WARNING [COM]: aRC=NS_ERROR_FAILURE (0x80004005) aIID={16ced992-5fdc-4aba-aff5-6a39bbd7c38b} aComponent={HostWrap} aText={Could not load the Host USB Proxy service: VERR_NOT_FOUND}, preserve=true  aResultDetail=0
00:00:04.175620 nspr-4   Failed to open "/dev/vboxdrvu", errno=2, rc=VERR_VM_DRIVER_NOT_INSTALLED
00:00:04.387499 nspr-4   WARNING [COM]: aRC=NS_ERROR_FAILURE (0x80004005) aIID={16ced992-5fdc-4aba-aff5-6a39bbd7c38b} aComponent={HostWrap} aText={Could not load the Host USB Proxy service: VERR_NOT_FOUND}, preserve=true  aResultDetail=0
00:00:04.388932 nspr-4   WARNING [COM]: aRC=NS_ERROR_FAILURE (0x80004005) aIID={16ced992-5fdc-4aba-aff5-6a39bbd7c38b} aComponent={HostWrap} aText={Could not load the Host USB Proxy service: VERR_NOT_FOUND}, preserve=true  aResultDetail=0
00:00:06.337580 nspr-3   Launched VM: 2818578832 pid: 24122 (0x5e3a) frontend: GUI/Qt name: win10-2
00:00:06.363485 nspr-3   Failed to open "/dev/vboxdrvu", errno=2, rc=VERR_VM_DRIVER_NOT_INSTALLED
00:00:06.378273 nspr-3   WARNING [COM]: aRC=NS_ERROR_FAILURE (0x80004005) aIID={16ced992-5fdc-4aba-aff5-6a39bbd7c38b} aComponent={HostWrap} aText={Could not load the Host USB Proxy service: VERR_NOT_FOUND}, preserve=true  aResultDetail=0
00:00:06.378903 nspr-3   WARNING [COM]: aRC=NS_ERROR_FAILURE (0x80004005) aIID={16ced992-5fdc-4aba-aff5-6a39bbd7c38b} aComponent={HostWrap} aText={Could not load the Host USB Proxy service: VERR_NOT_FOUND}, preserve=true  aResultDetail=0
00:00:06.838121 Watcher  ERROR [COM]: aRC=NS_ERROR_FAILURE (0x80004005) aIID={85632c68-b5bb-4316-a900-5eb28d3413df} aComponent={MachineWrap} aText={The virtual machine 'win10-2' has terminated unexpectedly during startup with exit code 1 (0x1)}, preserve=false aResultDetail=0
00:00:07.397322 nspr-3   Failed to open "/dev/vboxdrvu", errno=2, rc=VERR_VM_DRIVER_NOT_INSTALLED
00:00:07.413895 nspr-3   WARNING [COM]: aRC=NS_ERROR_FAILURE (0x80004005) aIID={16ced992-5fdc-4aba-aff5-6a39bbd7c38b} aComponent={HostWrap} aText={Could not load the Host USB Proxy service: VERR_NOT_FOUND}, preserve=true  aResultDetail=0
00:00:07.414610 nspr-3   WARNING [COM]: aRC=NS_ERROR_FAILURE (0x80004005) aIID={16ced992-5fdc-4aba-aff5-6a39bbd7c38b} aComponent={HostWrap} aText={Could not load the Host USB Proxy service: VERR_NOT_FOUND}, preserve=true  aResultDetail=0
00:08:03.353176 nspr-3   Saving settings file "/home/inky/.config/VirtualBox/VirtualBox.xml" with version "1.12-linux"
00:08:03.419878 nspr-3   Saving settings file "/home/inky/.config/VirtualBox/VirtualBox.xml" with version "1.12-linux"
00:08:03.496225 nspr-3   Saving settings file "/home/inky/.config/VirtualBox/VirtualBox.xml" with version "1.12-linux"
00:08:03.554698 nspr-2   Saving settings file "/home/inky/.config/VirtualBox/VirtualBox.xml" with version "1.12-linux"
00:08:09.125980 main     VirtualBox: object deletion starts
00:08:09.126018 main     ERROR [COM]: aRC=VBOX_E_OBJECT_IN_USE (0x80bb000c) aIID={ad47ad09-787b-44ab-b343-a082a3f2dfb1} aComponent={MediumWrap} aText={Medium '/home/inky/Windows/DESKTOP-DCQUKUQ.vmdk' cannot be closed because it is still attached to 1 virtual machines}, preserve=false aResultDetail=0
00:08:09.126255 main     HostDnsMonitor: shutting down ...
00:08:09.127963 main     HostDnsMonitor: shut down
00:08:09.127982 main     {00007f4aac017bd0} HostPowerServiceLinux::~HostPowerServiceLinux: RTThreadWait() for 5000 ms failed with VERR_INVALID_HANDLE
00:08:09.128097 Watcher  ERROR [COM]: aRC=E_ACCESSDENIED (0x80070005) aIID={d0a0163f-e254-4e5b-a1f2-011cf991c38d} aComponent={VirtualBoxWrap} aText={The object is not ready}, preserve=false aResultDetail=0
00:08:09.128147 main     VirtualBox: object deleted
